#
# A fatal error has been detected by the Java Runtime Environment:
#
#  EXCEPTION_ACCESS_VIOLATION (0xc0000005) at pc=0x000001aeac53b7ed, pid=6388, tid=3008
#
# JRE version: OpenJDK Runtime Environment (15.0.2+7) (build 15.0.2+7-27)
# Java VM: OpenJDK 64-Bit Server VM (15.0.2+7-27, mixed mode, tiered, compressed oops, g1 gc, windows-amd64)
# Problematic frame:
# C  0x000001aeac53b7ed
#
# No core dump will be written. Minidumps are not enabled by default on client versions of Windows
#
# If you would like to submit a bug report, please visit:
#   https://bugreport.java.com/bugreport/crash.jsp
#

---------------  S U M M A R Y ------------

Command Line: -Dfile.encoding=UTF-8 -XX:+ShowCodeDetailsInExceptionMessages com.ALED.ALEDApplication

Host: Intel(R) Core(TM) i5 CPU       M 520  @ 2.40GHz, 4 cores, 5G,  Windows 10 , 64 bit Build 19041 (10.0.19041.1202)
Time: Wed Nov 10 11:38:38 2021 SE Asia Standard Time elapsed time: 193.810732 seconds (0d 0h 3m 13s)

---------------  T H R E A D  ---------------

Current thread (0x000001aed2530f10):  JavaThread "restartedMain" [_thread_in_Java, id=3008, stack(0x000000285a000000,0x000000285a100000)]

Stack: [0x000000285a000000,0x000000285a100000],  sp=0x000000285a0f5980,  free space=982k
Native frames: (J=compiled Java code, j=interpreted, Vv=VM code, C=native code)
C  0x000001aeac53b7ed


siginfo: EXCEPTION_ACCESS_VIOLATION (0xc0000005), data execution prevention violation at address 0x000001aeac53b7ed


Register to memory mapping:

RIP=0x000001aeac53b7ed is an unknown value
RAX=0x00000000a4500950 is an oop: net.bytebuddy.dynamic.scaffold.MethodGraph$Compiler$Default$Key$Harmonized 
{0x00000000a4500950} - klass: 'net/bytebuddy/dynamic/scaffold/MethodGraph$Compiler$Default$Key$Harmonized'
RBX=0x000000000000005c is an unknown value
RCX=0x0 is NULL
RDX=0x0000000000152aec is an unknown value
RSP=0x000000285a0f5980 is pointing into the stack for thread: 0x000001aed2530f10
RBP=0x000000285a0f5b80 is pointing into the stack for thread: 0x000001aed2530f10
RSI=0x0000000000000003 is an unknown value
RDI=0x0000000000000001 is an unknown value
R8 =0x00000000a46ffb70 is an oop: java.util.HashMap 
{0x00000000a46ffb70} - klass: 'java/util/HashMap'
R9 =0x00000000a46ffbe0 is an oop: [Ljava.util.HashMap$Node; 
{0x00000000a46ffbe0} - klass: 'java/util/HashMap$Node'[]
 - length: 2
R10=0x00000000a46ffb70 is an oop: java.util.HashMap 
{0x00000000a46ffb70} - klass: 'java/util/HashMap'
R11=0x0000000000000003 is an unknown value
R12=0x0 is NULL
R13=0x00000000a15d1e98 is an oop: java.util.Collections$EmptySet 
{0x00000000a15d1e98} - klass: 'java/util/Collections$EmptySet'
R14=0x000001aeca7ba7fd points into unknown readable memory: 08 08 08
R15=0x000001aed2530f10 is a thread


Registers:
RAX=0x00000000a4500950, RBX=0x000000000000005c, RCX=0x0000000000000000, RDX=0x0000000000152aec
RSP=0x000000285a0f5980, RBP=0x000000285a0f5b80, RSI=0x0000000000000003, RDI=0x0000000000000001
R8 =0x00000000a46ffb70, R9 =0x00000000a46ffbe0, R10=0x00000000a46ffb70, R11=0x0000000000000003
R12=0x0000000000000000, R13=0x00000000a15d1e98, R14=0x000001aeca7ba7fd, R15=0x000001aed2530f10
RIP=0x000001aeac53b7ed, EFLAGS=0x0000000000010246

Top of Stack: (sp=0x000000285a0f5980)
0x000000285a0f5980:   00000000a4500950 00000000a46ff898
0x000000285a0f5990:   0000000000000000 000001aebc46048c
0x000000285a0f59a0:   00000000a46fe538 00000000a25d3a60
0x000000285a0f59b0:   000000285a0f5b80 a23d8618c3254f04
0x000000285a0f59c0:   00000000a46fdb30 00000000a23d8618
0x000000285a0f59d0:   00000000a23edb80 0000000000000000
0x000000285a0f59e0:   0000000000000001 000001aec33a0f94
0x000000285a0f59f0:   00000000a46ffaf8 00000000a46ffaf8
0x000000285a0f5a00:   000000283f6979b2 000001aec3251118
0x000000285a0f5a10:   00000000a46fdd18 00000000a1ef4a48
0x000000285a0f5a20:   00000000a46ffb70 00000000a46ffaa8
0x000000285a0f5a30:   00000000a46ffc18 00000000a23ed980
0x000000285a0f5a40:   00000000a46ffd70 00000000a4500840
0x000000285a0f5a50:   000000000000039e 00000000a2954f30
0x000000285a0f5a60:   000000285a0f5b80 000001aebc54c31c
0x000000285a0f5a70:   00000000a46ffaa8 000001aebc7c1d34 

Instructions: (pc=0x000001aeac53b7ed)
0x000001aeac53b6ed:   ?? ?? ?? ?? ?? ?? ?? ?? ?? ?? ?? ?? ?? ?? ?? ??
0x000001aeac53b6fd:   ?? ?? ?? ?? ?? ?? ?? ?? ?? ?? ?? ?? ?? ?? ?? ??
0x000001aeac53b70d:   ?? ?? ?? ?? ?? ?? ?? ?? ?? ?? ?? ?? ?? ?? ?? ??
0x000001aeac53b71d:   ?? ?? ?? ?? ?? ?? ?? ?? ?? ?? ?? ?? ?? ?? ?? ??
0x000001aeac53b72d:   ?? ?? ?? ?? ?? ?? ?? ?? ?? ?? ?? ?? ?? ?? ?? ??
0x000001aeac53b73d:   ?? ?? ?? ?? ?? ?? ?? ?? ?? ?? ?? ?? ?? ?? ?? ??
0x000001aeac53b74d:   ?? ?? ?? ?? ?? ?? ?? ?? ?? ?? ?? ?? ?? ?? ?? ??
0x000001aeac53b75d:   ?? ?? ?? ?? ?? ?? ?? ?? ?? ?? ?? ?? ?? ?? ?? ??
0x000001aeac53b76d:   ?? ?? ?? ?? ?? ?? ?? ?? ?? ?? ?? ?? ?? ?? ?? ??
0x000001aeac53b77d:   ?? ?? ?? ?? ?? ?? ?? ?? ?? ?? ?? ?? ?? ?? ?? ??
0x000001aeac53b78d:   ?? ?? ?? ?? ?? ?? ?? ?? ?? ?? ?? ?? ?? ?? ?? ??
0x000001aeac53b79d:   ?? ?? ?? ?? ?? ?? ?? ?? ?? ?? ?? ?? ?? ?? ?? ??
0x000001aeac53b7ad:   ?? ?? ?? ?? ?? ?? ?? ?? ?? ?? ?? ?? ?? ?? ?? ??
0x000001aeac53b7bd:   ?? ?? ?? ?? ?? ?? ?? ?? ?? ?? ?? ?? ?? ?? ?? ??
0x000001aeac53b7cd:   ?? ?? ?? ?? ?? ?? ?? ?? ?? ?? ?? ?? ?? ?? ?? ??
0x000001aeac53b7dd:   ?? ?? ?? ?? ?? ?? ?? ?? ?? ?? ?? ?? ?? ?? ?? ??
0x000001aeac53b7ed:   ?? ?? ?? ?? ?? ?? ?? ?? ?? ?? ?? ?? ?? ?? ?? ??
0x000001aeac53b7fd:   ?? ?? ?? ?? ?? ?? ?? ?? ?? ?? ?? ?? ?? ?? ?? ??
0x000001aeac53b80d:   ?? ?? ?? ?? ?? ?? ?? ?? ?? ?? ?? ?? ?? ?? ?? ??
0x000001aeac53b81d:   ?? ?? ?? ?? ?? ?? ?? ?? ?? ?? ?? ?? ?? ?? ?? ??
0x000001aeac53b82d:   ?? ?? ?? ?? ?? ?? ?? ?? ?? ?? ?? ?? ?? ?? ?? ??
0x000001aeac53b83d:   ?? ?? ?? ?? ?? ?? ?? ?? ?? ?? ?? ?? ?? ?? ?? ??
0x000001aeac53b84d:   ?? ?? ?? ?? ?? ?? ?? ?? ?? ?? ?? ?? ?? ?? ?? ??
0x000001aeac53b85d:   ?? ?? ?? ?? ?? ?? ?? ?? ?? ?? ?? ?? ?? ?? ?? ??
0x000001aeac53b86d:   ?? ?? ?? ?? ?? ?? ?? ?? ?? ?? ?? ?? ?? ?? ?? ??
0x000001aeac53b87d:   ?? ?? ?? ?? ?? ?? ?? ?? ?? ?? ?? ?? ?? ?? ?? ??
0x000001aeac53b88d:   ?? ?? ?? ?? ?? ?? ?? ?? ?? ?? ?? ?? ?? ?? ?? ??
0x000001aeac53b89d:   ?? ?? ?? ?? ?? ?? ?? ?? ?? ?? ?? ?? ?? ?? ?? ??
0x000001aeac53b8ad:   ?? ?? ?? ?? ?? ?? ?? ?? ?? ?? ?? ?? ?? ?? ?? ??
0x000001aeac53b8bd:   ?? ?? ?? ?? ?? ?? ?? ?? ?? ?? ?? ?? ?? ?? ?? ??
0x000001aeac53b8cd:   ?? ?? ?? ?? ?? ?? ?? ?? ?? ?? ?? ?? ?? ?? ?? ??
0x000001aeac53b8dd:   ?? ?? ?? ?? ?? ?? ?? ?? ?? ?? ?? ?? ?? ?? ?? ?? 


Stack slot to memory mapping:
stack at sp + 0 slots: 0x00000000a4500950 is an oop: net.bytebuddy.dynamic.scaffold.MethodGraph$Compiler$Default$Key$Harmonized 
{0x00000000a4500950} - klass: 'net/bytebuddy/dynamic/scaffold/MethodGraph$Compiler$Default$Key$Harmonized'
stack at sp + 1 slots: 0x00000000a46ff898 is an oop: net.bytebuddy.description.type.TypeDescription$Generic$LazyProjection$ForLoadedReturnType 
{0x00000000a46ff898} - klass: 'net/bytebuddy/description/type/TypeDescription$Generic$LazyProjection$ForLoadedReturnType'
stack at sp + 2 slots: 0x0 is NULL
stack at sp + 3 slots: 0x000001aebc46048c is at entry_point+332 in (nmethod*)0x000001aebc460190
stack at sp + 4 slots: 0x00000000a46fe538 is an oop: net.bytebuddy.description.method.ParameterList$ForLoadedExecutable$OfMethod 
{0x00000000a46fe538} - klass: 'net/bytebuddy/description/method/ParameterList$ForLoadedExecutable$OfMethod'
stack at sp + 5 slots: 0x00000000a25d3a60 is an oop: java.lang.reflect.Method 
{0x00000000a25d3a60} - klass: 'java/lang/reflect/Method'
stack at sp + 6 slots: 0x000000285a0f5b80 is pointing into the stack for thread: 0x000001aed2530f10
stack at sp + 7 slots: 0xa23d8618c3254f04 is an unknown value


---------------  P R O C E S S  ---------------

Threads class SMR info:
_java_thread_list=0x000001aed71242e0, length=18, elements={
0x000001aed024c420, 0x000001aed024cce0, 0x000001aed0238900, 0x000001aed02391c0,
0x000001aed025afb0, 0x000001aed025e360, 0x000001aed0b7c2d0, 0x000001aed0b8a950,
0x000001aed0d173e0, 0x000001aed0d34a70, 0x000001aed3df66b0, 0x000001aed25378f0,
0x000001aed25318b0, 0x000001aed25330c0, 0x000001aed0b7f570, 0x000001aed2530f10,
0x000001aed2535270, 0x000001aed2533590
}

Java Threads: ( => current thread )
  0x000001aed024c420 JavaThread "Reference Handler" daemon [_thread_blocked, id=2180, stack(0x000000285a800000,0x000000285a900000)]
  0x000001aed024cce0 JavaThread "Finalizer" daemon [_thread_blocked, id=396, stack(0x000000285a900000,0x000000285aa00000)]
  0x000001aed0238900 JavaThread "Signal Dispatcher" daemon [_thread_blocked, id=7492, stack(0x000000285aa00000,0x000000285ab00000)]
  0x000001aed02391c0 JavaThread "Attach Listener" daemon [_thread_blocked, id=2112, stack(0x000000285ab00000,0x000000285ac00000)]
  0x000001aed025afb0 JavaThread "Service Thread" daemon [_thread_blocked, id=10372, stack(0x000000285ac00000,0x000000285ad00000)]
  0x000001aed025e360 JavaThread "C2 CompilerThread0" daemon [_thread_in_native, id=8704, stack(0x000000285ad00000,0x000000285ae00000)]
  0x000001aed0b7c2d0 JavaThread "C1 CompilerThread0" daemon [_thread_blocked, id=12856, stack(0x000000285ae00000,0x000000285af00000)]
  0x000001aed0b8a950 JavaThread "Sweeper thread" daemon [_thread_blocked, id=15500, stack(0x000000285af00000,0x000000285b000000)]
  0x000001aed0d173e0 JavaThread "Notification Thread" daemon [_thread_blocked, id=3532, stack(0x000000285b000000,0x000000285b100000)]
  0x000001aed0d34a70 JavaThread "Common-Cleaner" daemon [_thread_blocked, id=12960, stack(0x000000285b200000,0x000000285b300000)]
  0x000001aed3df66b0 JavaThread "mysql-cj-abandoned-connection-cleanup" daemon [_thread_blocked, id=14044, stack(0x000000285b800000,0x000000285b900000)]
  0x000001aed25378f0 JavaThread "Live Reload Server" daemon [_thread_in_native, id=14616, stack(0x000000285c200000,0x000000285c300000)]
  0x000001aed25318b0 JavaThread "DestroyJavaVM" [_thread_blocked, id=6380, stack(0x000000285a100000,0x000000285a200000)]
  0x000001aed25330c0 JavaThread "Thread-5" [_thread_blocked, id=9236, stack(0x000000285b700000,0x000000285b800000)]
  0x000001aed0b7f570 JavaThread "C2 CompilerThread1" daemon [_thread_blocked, id=12992, stack(0x0000002859e00000,0x0000002859f00000)]
=>0x000001aed2530f10 JavaThread "restartedMain" [_thread_in_Java, id=3008, stack(0x000000285a000000,0x000000285a100000)]
  0x000001aed2535270 JavaThread "HikariPool-2 housekeeper" daemon [_thread_blocked, id=13116, stack(0x0000002859f00000,0x000000285a000000)]
  0x000001aed2533590 JavaThread "HikariPool-2 connection adder" daemon [_thread_blocked, id=6140, stack(0x000000285b300000,0x000000285b400000)]

Other Threads:
  0x000001aeb7b5e780 VMThread "VM Thread" [stack: 0x000000285a700000,0x000000285a800000] [id=8820]
  0x000001aed0d18cc0 WatcherThread [stack: 0x000000285b100000,0x000000285b200000] [id=11812]
  0x000001aeb7ac75c0 GCTaskThread "GC Thread#0" [stack: 0x000000285a200000,0x000000285a300000] [id=2564]
  0x000001aed0f223b0 GCTaskThread "GC Thread#1" [stack: 0x000000285b400000,0x000000285b500000] [id=7660]
  0x000001aed0f213c0 GCTaskThread "GC Thread#2" [stack: 0x000000285b900000,0x000000285ba00000] [id=2024]
  0x000001aed0f21d50 GCTaskThread "GC Thread#3" [stack: 0x000000285ba00000,0x000000285bb00000] [id=15932]
  0x000001aeb7ad5d10 ConcurrentGCThread "G1 Main Marker" [stack: 0x000000285a300000,0x000000285a400000] [id=10168]
  0x000001aeb7ad6890 ConcurrentGCThread "G1 Conc#0" [stack: 0x000000285a400000,0x000000285a500000] [id=6436]
  0x000001aeb7b3ad30 ConcurrentGCThread "G1 Refine#0" [stack: 0x000000285a500000,0x000000285a600000] [id=12756]
  0x000001aed16b1420 ConcurrentGCThread "G1 Refine#1" [stack: 0x000000285b500000,0x000000285b600000] [id=2660]
  0x000001aeb7b3c850 ConcurrentGCThread "G1 Young RemSet Sampling" [stack: 0x000000285a600000,0x000000285a700000] [id=13196]

Threads with active compile tasks:
C2 CompilerThread0   193949 7808   !   4       java.lang.reflect.Field::declaredAnnotations (82 bytes)

VM state: not at safepoint (normal execution)

VM Mutex/Monitor currently owned by a thread: None

Heap address: 0x00000000a1200000, size: 1518 MB, Compressed Oops mode: 32-bit
CDS disabled.
Compressed class space mapped at: 0x0000000100000000-0x0000000140000000, size: 1073741824
Narrow klass base: 0x0000000000000000, Narrow klass shift: 3, Narrow klass range: 0x140000000

GC Precious Log:
 CPUs: 4 total, 4 available
 Memory: 6069M
 Large Page Support: Disabled
 NUMA Support: Disabled
 Compressed Oops: Enabled (32-bit)
 Heap Region Size: 1M
 Heap Min Capacity: 8M
 Heap Initial Capacity: 96M
 Heap Max Capacity: 1518M
 Pre-touch: Disabled
 Parallel Workers: 4
 Concurrent Workers: 1
 Concurrent Refinement Workers: 4
 Periodic GC: Disabled

Heap:
 garbage-first heap   total 72704K, used 50735K [0x00000000a1200000, 0x0000000100000000)
  region size 1024K, 22 young (22528K), 2 survivors (2048K)
 Metaspace       used 76906K, capacity 77616K, committed 77776K, reserved 1118208K
  class space    used 9526K, capacity 9781K, committed 9856K, reserved 1048576K

Heap Regions: E=young(eden), S=young(survivor), O=old, HS=humongous(starts), HC=humongous(continues), CS=collection set, F=free, OA=open archive, CA=closed archive, TAMS=top-at-mark-start (previous, next)
|   0|0x00000000a1200000, 0x00000000a1300000, 0x00000000a1300000|100%|HS|  |TAMS 0x00000000a1200000, 0x00000000a1200000| Untracked 
|   1|0x00000000a1300000, 0x00000000a13ff100, 0x00000000a1400000| 99%| O|  |TAMS 0x00000000a1300000, 0x00000000a1300000| Untracked 
|   2|0x00000000a1400000, 0x00000000a14fffa0, 0x00000000a1500000| 99%| O|  |TAMS 0x00000000a1400000, 0x00000000a1400000| Untracked 
|   3|0x00000000a1500000, 0x00000000a15f8508, 0x00000000a1600000| 96%| O|  |TAMS 0x00000000a1500000, 0x00000000a1500000| Untracked 
|   4|0x00000000a1600000, 0x00000000a16ffff0, 0x00000000a1700000| 99%| O|  |TAMS 0x00000000a1600000, 0x00000000a1600000| Untracked 
|   5|0x00000000a1700000, 0x00000000a17fffe8, 0x00000000a1800000| 99%| O|  |TAMS 0x00000000a1700000, 0x00000000a1700000| Untracked 
|   6|0x00000000a1800000, 0x00000000a18e40c0, 0x00000000a1900000| 89%| O|  |TAMS 0x00000000a1800000, 0x00000000a1800000| Untracked 
|   7|0x00000000a1900000, 0x00000000a19ffff0, 0x00000000a1a00000| 99%| O|  |TAMS 0x00000000a1900000, 0x00000000a1900000| Untracked 
|   8|0x00000000a1a00000, 0x00000000a1affff8, 0x00000000a1b00000| 99%| O|  |TAMS 0x00000000a1a00000, 0x00000000a1a00000| Untracked 
|   9|0x00000000a1b00000, 0x00000000a1c00000, 0x00000000a1c00000|100%| O|  |TAMS 0x00000000a1b00000, 0x00000000a1b00000| Untracked 
|  10|0x00000000a1c00000, 0x00000000a1d00000, 0x00000000a1d00000|100%| O|  |TAMS 0x00000000a1c00000, 0x00000000a1c00000| Untracked 
|  11|0x00000000a1d00000, 0x00000000a1dffff0, 0x00000000a1e00000| 99%| O|  |TAMS 0x00000000a1d00000, 0x00000000a1d00000| Untracked 
|  12|0x00000000a1e00000, 0x00000000a1effff0, 0x00000000a1f00000| 99%| O|  |TAMS 0x00000000a1e00000, 0x00000000a1e00000| Untracked 
|  13|0x00000000a1f00000, 0x00000000a1fffff0, 0x00000000a2000000| 99%| O|  |TAMS 0x00000000a1f00000, 0x00000000a1f00000| Untracked 
|  14|0x00000000a2000000, 0x00000000a20ffff8, 0x00000000a2100000| 99%| O|  |TAMS 0x00000000a2000000, 0x00000000a2000000| Untracked 
|  15|0x00000000a2100000, 0x00000000a21f65f0, 0x00000000a2200000| 96%| O|  |TAMS 0x00000000a2100000, 0x00000000a2100000| Untracked 
|  16|0x00000000a2200000, 0x00000000a2300000, 0x00000000a2300000|100%| O|  |TAMS 0x00000000a2200000, 0x00000000a2200000| Untracked 
|  17|0x00000000a2300000, 0x00000000a2400000, 0x00000000a2400000|100%| O|  |TAMS 0x00000000a2300000, 0x00000000a2300000| Untracked 
|  18|0x00000000a2400000, 0x00000000a2500000, 0x00000000a2500000|100%| O|  |TAMS 0x00000000a2400000, 0x00000000a2400000| Untracked 
|  19|0x00000000a2500000, 0x00000000a25ffff0, 0x00000000a2600000| 99%| O|  |TAMS 0x00000000a2500000, 0x00000000a2500000| Untracked 
|  20|0x00000000a2600000, 0x00000000a26ffff8, 0x00000000a2700000| 99%| O|  |TAMS 0x00000000a2600000, 0x00000000a2600000| Untracked 
|  21|0x00000000a2700000, 0x00000000a27fffd0, 0x00000000a2800000| 99%| O|  |TAMS 0x00000000a2700000, 0x00000000a2700000| Untracked 
|  22|0x00000000a2800000, 0x00000000a28fffc8, 0x00000000a2900000| 99%| O|  |TAMS 0x00000000a2800000, 0x00000000a2800000| Untracked 
|  23|0x00000000a2900000, 0x00000000a29ffff0, 0x00000000a2a00000| 99%| O|  |TAMS 0x00000000a2900000, 0x00000000a2900000| Untracked 
|  24|0x00000000a2a00000, 0x00000000a2b00000, 0x00000000a2b00000|100%| O|  |TAMS 0x00000000a2a00000, 0x00000000a2a00000| Untracked 
|  25|0x00000000a2b00000, 0x00000000a2bd98b8, 0x00000000a2c00000| 84%| O|  |TAMS 0x00000000a2b00000, 0x00000000a2b00000| Untracked 
|  26|0x00000000a2c00000, 0x00000000a2cdb900, 0x00000000a2d00000| 85%| O|  |TAMS 0x00000000a2c00000, 0x00000000a2c00000| Untracked 
|  27|0x00000000a2d00000, 0x00000000a2dceaa8, 0x00000000a2e00000| 80%| O|  |TAMS 0x00000000a2d00000, 0x00000000a2d00000| Untracked 
|  28|0x00000000a2e00000, 0x00000000a2f00000, 0x00000000a2f00000|100%| O|  |TAMS 0x00000000a2e00000, 0x00000000a2e00000| Untracked 
|  29|0x00000000a2f00000, 0x00000000a3000000, 0x00000000a3000000|100%| O|  |TAMS 0x00000000a2f00000, 0x00000000a2f00000| Untracked 
|  30|0x00000000a3000000, 0x00000000a3005400, 0x00000000a3100000|  2%| O|  |TAMS 0x00000000a3000000, 0x00000000a3000000| Untracked 
|  31|0x00000000a3100000, 0x00000000a3100000, 0x00000000a3200000|  0%| F|  |TAMS 0x00000000a3100000, 0x00000000a3100000| Untracked 
|  32|0x00000000a3200000, 0x00000000a3200000, 0x00000000a3300000|  0%| F|  |TAMS 0x00000000a3200000, 0x00000000a3200000| Untracked 
|  33|0x00000000a3300000, 0x00000000a3300000, 0x00000000a3400000|  0%| F|  |TAMS 0x00000000a3300000, 0x00000000a3300000| Untracked 
|  34|0x00000000a3400000, 0x00000000a3400000, 0x00000000a3500000|  0%| F|  |TAMS 0x00000000a3400000, 0x00000000a3400000| Untracked 
|  35|0x00000000a3500000, 0x00000000a3500000, 0x00000000a3600000|  0%| F|  |TAMS 0x00000000a3500000, 0x00000000a3500000| Untracked 
|  36|0x00000000a3600000, 0x00000000a3600000, 0x00000000a3700000|  0%| F|  |TAMS 0x00000000a3600000, 0x00000000a3600000| Untracked 
|  37|0x00000000a3700000, 0x00000000a3700000, 0x00000000a3800000|  0%| F|  |TAMS 0x00000000a3700000, 0x00000000a3700000| Untracked 
|  38|0x00000000a3800000, 0x00000000a3800000, 0x00000000a3900000|  0%| F|  |TAMS 0x00000000a3800000, 0x00000000a3800000| Untracked 
|  39|0x00000000a3900000, 0x00000000a3900000, 0x00000000a3a00000|  0%| F|  |TAMS 0x00000000a3900000, 0x00000000a3900000| Untracked 
|  40|0x00000000a3a00000, 0x00000000a3a00000, 0x00000000a3b00000|  0%| F|  |TAMS 0x00000000a3a00000, 0x00000000a3a00000| Untracked 
|  41|0x00000000a3b00000, 0x00000000a3b00000, 0x00000000a3c00000|  0%| F|  |TAMS 0x00000000a3b00000, 0x00000000a3b00000| Untracked 
|  42|0x00000000a3c00000, 0x00000000a3c00000, 0x00000000a3d00000|  0%| F|  |TAMS 0x00000000a3c00000, 0x00000000a3c00000| Untracked 
|  43|0x00000000a3d00000, 0x00000000a3d00000, 0x00000000a3e00000|  0%| F|  |TAMS 0x00000000a3d00000, 0x00000000a3d00000| Untracked 
|  44|0x00000000a3e00000, 0x00000000a3e31068, 0x00000000a3f00000| 19%| S|CS|TAMS 0x00000000a3e00000, 0x00000000a3e00000| Complete 
|  45|0x00000000a3f00000, 0x00000000a4000000, 0x00000000a4000000|100%| S|CS|TAMS 0x00000000a3f00000, 0x00000000a3f00000| Complete 
|  46|0x00000000a4000000, 0x00000000a4000000, 0x00000000a4100000|  0%| F|  |TAMS 0x00000000a4000000, 0x00000000a4000000| Untracked 
|  47|0x00000000a4100000, 0x00000000a4100000, 0x00000000a4200000|  0%| F|  |TAMS 0x00000000a4100000, 0x00000000a4100000| Untracked 
|  48|0x00000000a4200000, 0x00000000a4200000, 0x00000000a4300000|  0%| F|  |TAMS 0x00000000a4200000, 0x00000000a4200000| Untracked 
|  49|0x00000000a4300000, 0x00000000a4300000, 0x00000000a4400000|  0%| F|  |TAMS 0x00000000a4300000, 0x00000000a4300000| Untracked 
|  50|0x00000000a4400000, 0x00000000a4400000, 0x00000000a4500000|  0%| F|  |TAMS 0x00000000a4400000, 0x00000000a4400000| Untracked 
|  51|0x00000000a4500000, 0x00000000a456c178, 0x00000000a4600000| 42%| E|  |TAMS 0x00000000a4500000, 0x00000000a4500000| Complete 
|  52|0x00000000a4600000, 0x00000000a4700000, 0x00000000a4700000|100%| E|CS|TAMS 0x00000000a4600000, 0x00000000a4600000| Complete 
|  53|0x00000000a4700000, 0x00000000a4800000, 0x00000000a4800000|100%| E|CS|TAMS 0x00000000a4700000, 0x00000000a4700000| Complete 
|  54|0x00000000a4800000, 0x00000000a4900000, 0x00000000a4900000|100%| E|CS|TAMS 0x00000000a4800000, 0x00000000a4800000| Complete 
|  55|0x00000000a4900000, 0x00000000a4a00000, 0x00000000a4a00000|100%| E|CS|TAMS 0x00000000a4900000, 0x00000000a4900000| Complete 
|  56|0x00000000a4a00000, 0x00000000a4b00000, 0x00000000a4b00000|100%| E|CS|TAMS 0x00000000a4a00000, 0x00000000a4a00000| Complete 
|  57|0x00000000a4b00000, 0x00000000a4c00000, 0x00000000a4c00000|100%| E|CS|TAMS 0x00000000a4b00000, 0x00000000a4b00000| Complete 
|  58|0x00000000a4c00000, 0x00000000a4d00000, 0x00000000a4d00000|100%| E|CS|TAMS 0x00000000a4c00000, 0x00000000a4c00000| Complete 
|  59|0x00000000a4d00000, 0x00000000a4e00000, 0x00000000a4e00000|100%| E|CS|TAMS 0x00000000a4d00000, 0x00000000a4d00000| Complete 
|  60|0x00000000a4e00000, 0x00000000a4f00000, 0x00000000a4f00000|100%| E|CS|TAMS 0x00000000a4e00000, 0x00000000a4e00000| Complete 
|  61|0x00000000a4f00000, 0x00000000a5000000, 0x00000000a5000000|100%| E|CS|TAMS 0x00000000a4f00000, 0x00000000a4f00000| Complete 
|  62|0x00000000a5000000, 0x00000000a5100000, 0x00000000a5100000|100%| E|CS|TAMS 0x00000000a5000000, 0x00000000a5000000| Complete 
|  63|0x00000000a5100000, 0x00000000a5200000, 0x00000000a5200000|100%| E|CS|TAMS 0x00000000a5100000, 0x00000000a5100000| Complete 
|  64|0x00000000a5200000, 0x00000000a5300000, 0x00000000a5300000|100%| E|CS|TAMS 0x00000000a5200000, 0x00000000a5200000| Complete 
|  65|0x00000000a5300000, 0x00000000a5400000, 0x00000000a5400000|100%| E|CS|TAMS 0x00000000a5300000, 0x00000000a5300000| Complete 
|  66|0x00000000a5400000, 0x00000000a5500000, 0x00000000a5500000|100%| E|CS|TAMS 0x00000000a5400000, 0x00000000a5400000| Complete 
|  67|0x00000000a5500000, 0x00000000a5600000, 0x00000000a5600000|100%| E|CS|TAMS 0x00000000a5500000, 0x00000000a5500000| Complete 
|  68|0x00000000a5600000, 0x00000000a5700000, 0x00000000a5700000|100%| E|CS|TAMS 0x00000000a5600000, 0x00000000a5600000| Complete 
|  69|0x00000000a5700000, 0x00000000a5800000, 0x00000000a5800000|100%| E|CS|TAMS 0x00000000a5700000, 0x00000000a5700000| Complete 
|  95|0x00000000a7100000, 0x00000000a7200000, 0x00000000a7200000|100%| E|CS|TAMS 0x00000000a7100000, 0x00000000a7100000| Complete 

Card table byte_map: [0x000001aeca7a0000,0x000001aecaaa0000] _byte_map_base: 0x000001aeca297000

Marking Bits (Prev, Next): (CMBitMap*) 0x000001aeb7ac8d50, (CMBitMap*) 0x000001aeb7ac8d90
 Prev Bits: [0x000001aecada0000, 0x000001aecc558000)
 Next Bits: [0x000001aecc560000, 0x000001aecdd18000)

Polling page: 0x000001aeb7260000

Metaspace:

Usage:
  Non-class:     66.25 MB capacity,    65.80 MB (>99%) used,   352.62 KB ( <1%) free+waste,   101.75 KB ( <1%) overhead. 
      Class:      9.55 MB capacity,     9.30 MB ( 97%) used,   217.21 KB (  2%) free+waste,    37.75 KB ( <1%) overhead. 
       Both:     75.80 MB capacity,    75.10 MB (>99%) used,   569.84 KB ( <1%) free+waste,   139.50 KB ( <1%) overhead. 

Virtual space:
  Non-class space:       68.00 MB reserved,      66.33 MB ( 98%) committed 
      Class space:        1.00 GB reserved,       9.62 MB ( <1%) committed 
             Both:        1.07 GB reserved,      75.95 MB (  7%) committed 

Chunk freelists:
   Non-Class:  21.00 KB
       Class:  11.00 KB
        Both:  32.00 KB

MaxMetaspaceSize: 17179869184.00 GB
CompressedClassSpaceSize: 1.00 GB

CodeHeap 'non-profiled nmethods': size=120000Kb used=4309Kb max_used=4309Kb free=115690Kb
 bounds [0x000001aec2f70000, 0x000001aec33b0000, 0x000001aeca4a0000]
CodeHeap 'profiled nmethods': size=120000Kb used=13927Kb max_used=13927Kb free=106072Kb
 bounds [0x000001aebba40000, 0x000001aebc7e0000, 0x000001aec2f70000]
CodeHeap 'non-nmethods': size=5760Kb used=1333Kb max_used=1386Kb free=4426Kb
 bounds [0x000001aebb4a0000, 0x000001aebb710000, 0x000001aebba40000]
 total_blobs=7853 nmethods=7223 adapters=542
 compilation: enabled
              stopped_count=0, restarted_count=0
 full_count=0

Compilation events (20 events):
Event: 193.762 Thread 0x000001aed0b7c2d0 nmethod 8197 0x000001aebc7c8c90 code [0x000001aebc7c8ee0, 0x000001aebc7c9a88]
Event: 193.768 Thread 0x000001aed0b7c2d0 8198       3       org.hibernate.internal.util.collections.ArrayHelper::toStringArray (22 bytes)
Event: 193.769 Thread 0x000001aed0b7c2d0 nmethod 8198 0x000001aebc7c9d90 code [0x000001aebc7c9f60, 0x000001aebc7ca338]
Event: 193.769 Thread 0x000001aed0b7c2d0 8199       3       org.hibernate.proxy.pojo.ProxyFactoryHelper::validateGetterSetterMethodProxyability (53 bytes)
Event: 193.771 Thread 0x000001aed0b7c2d0 nmethod 8199 0x000001aebc7ca490 code [0x000001aebc7ca760, 0x000001aebc7cb798]
Event: 193.772 Thread 0x000001aed0b7c2d0 8202       3       net.bytebuddy.matcher.ElementMatchers::isVisibleTo (9 bytes)
Event: 193.772 Thread 0x000001aed0b7c2d0 nmethod 8202 0x000001aebc7cbc90 code [0x000001aebc7cbe40, 0x000001aebc7cc0f8]
Event: 193.772 Thread 0x000001aed0b7c2d0 8203       3       net.bytebuddy.matcher.VisibilityMatcher::<init> (10 bytes)
Event: 193.773 Thread 0x000001aed0b7c2d0 nmethod 8203 0x000001aebc7cc210 code [0x000001aebc7cc3c0, 0x000001aebc7cc5d8]
Event: 193.773 Thread 0x000001aed0b7c2d0 8204       3       net.bytebuddy.description.annotation.AnnotationList$Explicit::size (10 bytes)
Event: 193.773 Thread 0x000001aed0b7c2d0 nmethod 8204 0x000001aebc7cc710 code [0x000001aebc7cc8c0, 0x000001aebc7cca88]
Event: 193.775 Thread 0x000001aed0b7f570 nmethod 8182 0x000001aec33a0b10 code [0x000001aec33a0ce0, 0x000001aec33a1188]
Event: 193.775 Thread 0x000001aed0b7f570 8201       4       net.bytebuddy.description.type.TypeDescription$AbstractBase::hashCode (53 bytes)
Event: 193.775 Thread 0x000001aed0b7c2d0 8205       3       net.bytebuddy.description.method.MethodDescription$AbstractBase::getActualModifiers (28 bytes)
Event: 193.776 Thread 0x000001aed0b7c2d0 nmethod 8205 0x000001aebc7ccb90 code [0x000001aebc7ccd60, 0x000001aebc7cd108]
Event: 193.776 Thread 0x000001aed0b7c2d0 8206   !   3       net.bytebuddy.description.method.MethodDescription$AbstractBase::getGenericSignature (386 bytes)
Event: 193.782 Thread 0x000001aed0b7c2d0 nmethod 8206 0x000001aebc7cd210 code [0x000001aebc7cd880, 0x000001aebc7d15c8]
Event: 193.782 Thread 0x000001aed0b7c2d0 8207       3       net.bytebuddy.jar.asm.MethodWriter::<init> (232 bytes)
Event: 193.783 Thread 0x000001aed0b7c2d0 nmethod 8207 0x000001aebc7d3110 code [0x000001aebc7d33a0, 0x000001aebc7d4048]
Event: 193.783 Thread 0x000001aed0b7c2d0 8212       3       org.hibernate.internal.util.ReflectHelper::findField (121 bytes)

GC Heap History (20 events):
Event: 17.692 GC heap before
{Heap before GC invocations=27 (full 0):
 garbage-first heap   total 59392K, used 47065K [0x00000000a1200000, 0x0000000100000000)
  region size 1024K, 20 young (20480K), 2 survivors (2048K)
 Metaspace       used 65795K, capacity 66439K, committed 66640K, reserved 1107968K
  class space    used 8211K, capacity 8388K, committed 8448K, reserved 1048576K
}
Event: 17.698 GC heap after
{Heap after GC invocations=28 (full 0):
 garbage-first heap   total 59392K, used 29109K [0x00000000a1200000, 0x0000000100000000)
  region size 1024K, 2 young (2048K), 2 survivors (2048K)
 Metaspace       used 65795K, capacity 66439K, committed 66640K, reserved 1107968K
  class space    used 8211K, capacity 8388K, committed 8448K, reserved 1048576K
}
Event: 18.130 GC heap before
{Heap before GC invocations=29 (full 0):
 garbage-first heap   total 60416K, used 47541K [0x00000000a1200000, 0x0000000100000000)
  region size 1024K, 20 young (20480K), 2 survivors (2048K)
 Metaspace       used 66025K, capacity 66629K, committed 66896K, reserved 1107968K
  class space    used 8227K, capacity 8428K, committed 8448K, reserved 1048576K
}
Event: 18.136 GC heap after
{Heap after GC invocations=30 (full 0):
 garbage-first heap   total 60416K, used 29634K [0x00000000a1200000, 0x0000000100000000)
  region size 1024K, 2 young (2048K), 2 survivors (2048K)
 Metaspace       used 66025K, capacity 66629K, committed 66896K, reserved 1107968K
  class space    used 8227K, capacity 8428K, committed 8448K, reserved 1048576K
}
Event: 18.763 GC heap before
{Heap before GC invocations=30 (full 0):
 garbage-first heap   total 60416K, used 49090K [0x00000000a1200000, 0x0000000100000000)
  region size 1024K, 21 young (21504K), 2 survivors (2048K)
 Metaspace       used 67672K, capacity 68273K, committed 68432K, reserved 1110016K
  class space    used 8462K, capacity 8654K, committed 8704K, reserved 1048576K
}
Event: 18.769 GC heap after
{Heap after GC invocations=31 (full 0):
 garbage-first heap   total 60416K, used 30408K [0x00000000a1200000, 0x0000000100000000)
  region size 1024K, 2 young (2048K), 2 survivors (2048K)
 Metaspace       used 67672K, capacity 68273K, committed 68432K, reserved 1110016K
  class space    used 8462K, capacity 8654K, committed 8704K, reserved 1048576K
}
Event: 19.829 GC heap before
{Heap before GC invocations=32 (full 0):
 garbage-first heap   total 60416K, used 49864K [0x00000000a1200000, 0x0000000100000000)
  region size 1024K, 21 young (21504K), 2 survivors (2048K)
 Metaspace       used 70003K, capacity 70623K, committed 70864K, reserved 1112064K
  class space    used 8770K, capacity 8966K, committed 9088K, reserved 1048576K
}
Event: 19.838 GC heap after
{Heap after GC invocations=33 (full 0):
 garbage-first heap   total 60416K, used 32156K [0x00000000a1200000, 0x0000000100000000)
  region size 1024K, 3 young (3072K), 3 survivors (3072K)
 Metaspace       used 70003K, capacity 70623K, committed 70864K, reserved 1112064K
  class space    used 8770K, capacity 8966K, committed 9088K, reserved 1048576K
}
Event: 24.314 GC heap before
{Heap before GC invocations=33 (full 0):
 garbage-first heap   total 60416K, used 47516K [0x00000000a1200000, 0x0000000100000000)
  region size 1024K, 19 young (19456K), 3 survivors (3072K)
 Metaspace       used 72523K, capacity 73145K, committed 73424K, reserved 1114112K
  class space    used 9072K, capacity 9267K, committed 9344K, reserved 1048576K
}
Event: 24.326 GC heap after
{Heap after GC invocations=34 (full 0):
 garbage-first heap   total 72704K, used 33716K [0x00000000a1200000, 0x0000000100000000)
  region size 1024K, 2 young (2048K), 2 survivors (2048K)
 Metaspace       used 72523K, capacity 73145K, committed 73424K, reserved 1114112K
  class space    used 9072K, capacity 9267K, committed 9344K, reserved 1048576K
}
Event: 134.459 GC heap before
{Heap before GC invocations=35 (full 0):
 garbage-first heap   total 72704K, used 57268K [0x00000000a1200000, 0x0000000100000000)
  region size 1024K, 25 young (25600K), 2 survivors (2048K)
 Metaspace       used 75378K, capacity 76005K, committed 76112K, reserved 1116160K
  class space    used 9419K, capacity 9622K, committed 9728K, reserved 1048576K
}
Event: 134.466 GC heap after
{Heap after GC invocations=36 (full 0):
 garbage-first heap   total 72704K, used 34416K [0x00000000a1200000, 0x0000000100000000)
  region size 1024K, 3 young (3072K), 3 survivors (3072K)
 Metaspace       used 75378K, capacity 76005K, committed 76112K, reserved 1116160K
  class space    used 9419K, capacity 9622K, committed 9728K, reserved 1048576K
}
Event: 190.591 GC heap before
{Heap before GC invocations=36 (full 0):
 garbage-first heap   total 72704K, used 41584K [0x00000000a1200000, 0x0000000100000000)
  region size 1024K, 11 young (11264K), 3 survivors (3072K)
 Metaspace       used 75773K, capacity 76425K, committed 76624K, reserved 1116160K
  class space    used 9469K, capacity 9693K, committed 9728K, reserved 1048576K
}
Event: 190.683 GC heap after
{Heap after GC invocations=37 (full 1):
 garbage-first heap   total 72704K, used 27989K [0x00000000a1200000, 0x0000000100000000)
  region size 1024K, 0 young (0K), 0 survivors (0K)
 Metaspace       used 75769K, capacity 76419K, committed 76624K, reserved 1116160K
  class space    used 9469K, capacity 9692K, committed 9728K, reserved 1048576K
}
Event: 191.785 GC heap before
{Heap before GC invocations=37 (full 1):
 garbage-first heap   total 72704K, used 57685K [0x00000000a1200000, 0x0000000100000000)
  region size 1024K, 29 young (29696K), 0 survivors (0K)
 Metaspace       used 76256K, capacity 76941K, committed 77264K, reserved 1116160K
  class space    used 9506K, capacity 9737K, committed 9856K, reserved 1048576K
}
Event: 191.790 GC heap after
{Heap after GC invocations=38 (full 1):
 garbage-first heap   total 72704K, used 30564K [0x00000000a1200000, 0x0000000100000000)
  region size 1024K, 3 young (3072K), 3 survivors (3072K)
 Metaspace       used 76256K, capacity 76941K, committed 77264K, reserved 1116160K
  class space    used 9506K, capacity 9737K, committed 9856K, reserved 1048576K
}
Event: 192.035 GC heap before
{Heap before GC invocations=38 (full 1):
 garbage-first heap   total 72704K, used 57188K [0x00000000a1200000, 0x0000000100000000)
  region size 1024K, 30 young (30720K), 3 survivors (3072K)
 Metaspace       used 76395K, capacity 77099K, committed 77264K, reserved 1116160K
  class space    used 9512K, capacity 9743K, committed 9856K, reserved 1048576K
}
Event: 192.041 GC heap after
{Heap after GC invocations=39 (full 1):
 garbage-first heap   total 72704K, used 31419K [0x00000000a1200000, 0x0000000100000000)
  region size 1024K, 2 young (2048K), 2 survivors (2048K)
 Metaspace       used 76395K, capacity 77099K, committed 77264K, reserved 1116160K
  class space    used 9512K, capacity 9743K, committed 9856K, reserved 1048576K
}
Event: 192.329 GC heap before
{Heap before GC invocations=39 (full 1):
 garbage-first heap   total 72704K, used 55995K [0x00000000a1200000, 0x0000000100000000)
  region size 1024K, 27 young (27648K), 2 survivors (2048K)
 Metaspace       used 76436K, capacity 77099K, committed 77264K, reserved 1116160K
  class space    used 9513K, capacity 9743K, committed 9856K, reserved 1048576K
}
Event: 192.332 GC heap after
{Heap after GC invocations=40 (full 1):
 garbage-first heap   total 72704K, used 31279K [0x00000000a1200000, 0x0000000100000000)
  region size 1024K, 2 young (2048K), 2 survivors (2048K)
 Metaspace       used 76436K, capacity 77099K, committed 77264K, reserved 1116160K
  class space    used 9513K, capacity 9743K, committed 9856K, reserved 1048576K
}

Deoptimization events (20 events):
Event: 192.383 Thread 0x000001aed2530f10 DEOPT PACKING pc=0x000001aebc163d1e sp=0x000000285a0f81d0
Event: 192.383 Thread 0x000001aed2530f10 DEOPT UNPACKING pc=0x000001aebb4edf30 sp=0x000000285a0f7730 mode 0
Event: 192.388 Thread 0x000001aed2530f10 DEOPT PACKING pc=0x000001aebc5e9659 sp=0x000000285a0f6c40
Event: 192.388 Thread 0x000001aed2530f10 DEOPT UNPACKING pc=0x000001aebb4edf30 sp=0x000000285a0f6118 mode 0
Event: 192.585 Thread 0x000001aed2530f10 DEOPT PACKING pc=0x000001aebc27a634 sp=0x000000285a0f6db0
Event: 192.585 Thread 0x000001aed2530f10 DEOPT UNPACKING pc=0x000001aebb4edf30 sp=0x000000285a0f6330 mode 0
Event: 192.630 Thread 0x000001aed2530f10 DEOPT PACKING pc=0x000001aebc0e44b3 sp=0x000000285a0f6d90
Event: 192.630 Thread 0x000001aed2530f10 DEOPT UNPACKING pc=0x000001aebb4edf30 sp=0x000000285a0f62b8 mode 0
Event: 192.696 Thread 0x000001aed2530f10 Uncommon trap: trap_request=0xffffff45 fr.pc=0x000001aec3206b38 relative=0x00000000000003d8
Event: 192.696 Thread 0x000001aed2530f10 Uncommon trap: reason=unstable_if action=reinterpret pc=0x000001aec3206b38 method=org.hibernate.cfg.annotations.reflection.JPAMetadataProvider.getAnnotationReader(Ljava/lang/reflect/AnnotatedElement;)Lorg/hibernate/annotations/common/reflection/Annotation
Event: 192.696 Thread 0x000001aed2530f10 DEOPT PACKING pc=0x000001aec3206b38 sp=0x000000285a0f7310
Event: 192.696 Thread 0x000001aed2530f10 DEOPT UNPACKING pc=0x000001aebb4ee129 sp=0x000000285a0f72b8 mode 2
Event: 192.870 Thread 0x000001aed2533590 DEOPT PACKING pc=0x000001aebbbe8ce2 sp=0x000000285b3fe440
Event: 192.870 Thread 0x000001aed2533590 DEOPT UNPACKING pc=0x000001aebb4edf30 sp=0x000000285b3fd970 mode 0
Event: 192.969 Thread 0x000001aed2530f10 DEOPT PACKING pc=0x000001aebc0dcfa7 sp=0x000000285a0f5a20
Event: 192.969 Thread 0x000001aed2530f10 DEOPT UNPACKING pc=0x000001aebb4edf30 sp=0x000000285a0f4f88 mode 0
Event: 193.785 Thread 0x000001aed2530f10 Uncommon trap: trap_request=0xffffffbe fr.pc=0x000001aec33a1080 relative=0x00000000000003a0
Event: 193.785 Thread 0x000001aed2530f10 Uncommon trap: reason=profile_predicate action=maybe_recompile pc=0x000001aec33a1080 method=java.util.AbstractList.hashCode()I @ 13 c2
Event: 193.785 Thread 0x000001aed2530f10 DEOPT PACKING pc=0x000001aec33a1080 sp=0x000000285a0f5ee0
Event: 193.785 Thread 0x000001aed2530f10 DEOPT UNPACKING pc=0x000001aebb4ee129 sp=0x000000285a0f5e70 mode 2

Classes unloaded (1 events):
Event: 190.623 Thread 0x000001aeb7b5e780 Unloading class 0x0000000100836c40 'jdk/internal/reflect/GeneratedSerializationConstructorAccessor1'

Classes redefined (0 events):
No events

Internal exceptions (20 events):
Event: 190.544 Thread 0x000001aed2530570 Exception <a 'java/lang/InterruptedException'{0x00000000a52e4c08}: sleep interrupted> (0x00000000a52e4c08) 
thrown [./open/src/hotspot/share/prims/jvm.cpp, line 3278]
Event: 190.732 Thread 0x000001aed2530f10 Exception <a 'java/io/FileNotFoundException'{0x00000000a71d10d0}> (0x00000000a71d10d0) 
thrown [./open/src/hotspot/share/prims/jni.cpp, line 578]
Event: 191.856 Thread 0x000001aed2530f10 Exception <a 'java/lang/NoClassDefFoundError'{0x00000000a5791df0}: org/flywaydb/core/Flyway> (0x00000000a5791df0) 
thrown [./open/src/hotspot/share/oops/constantPool.cpp, line 804]
Event: 191.858 Thread 0x000001aed2530f10 Exception <a 'java/lang/NoClassDefFoundError'{0x00000000a579d938}: liquibase/integration/spring/SpringLiquibase> (0x00000000a579d938) 
thrown [./open/src/hotspot/share/oops/constantPool.cpp, line 804]
Event: 191.880 Thread 0x000001aed2530f10 Exception <a 'java/lang/NoClassDefFoundError'{0x00000000a5633ce8}: org/jooq/DSLContext> (0x00000000a5633ce8) 
thrown [./open/src/hotspot/share/oops/constantPool.cpp, line 804]
Event: 191.882 Thread 0x000001aed2530f10 Exception <a 'java/lang/NoClassDefFoundError'{0x00000000a5645220}: org/springframework/batch/core/repository/JobRepository> (0x00000000a5645220) 
thrown [./open/src/hotspot/share/oops/constantPool.cpp, line 804]
Event: 191.882 Thread 0x000001aed2530f10 Exception <a 'java/lang/NoClassDefFoundError'{0x00000000a5645558}: org/quartz/Scheduler> (0x00000000a5645558) 
thrown [./open/src/hotspot/share/oops/constantPool.cpp, line 804]
Event: 191.882 Thread 0x000001aed2530f10 Exception <a 'java/lang/NoClassDefFoundError'{0x00000000a5645890}: org/springframework/session/jdbc/JdbcIndexedSessionRepository> (0x00000000a5645890) 
thrown [./open/src/hotspot/share/oops/constantPool.cpp, line 804]
Event: 191.896 Thread 0x000001aed2530f10 Implicit null exception at 0x000001aec300c15e to 0x000001aec300de7a
Event: 192.108 Thread 0x000001aed2530f10 Exception <a 'java/io/FileNotFoundException'{0x00000000a4225f58}> (0x00000000a4225f58) 
thrown [./open/src/hotspot/share/prims/jni.cpp, line 578]
Event: 192.171 Thread 0x000001aed2530f10 Exception <a 'java/lang/ClassNotFoundException'{0x00000000a41f57b0}: java/lang/ObjectCustomizer> (0x00000000a41f57b0) 
thrown [./open/src/hotspot/share/classfile/systemDictionary.cpp, line 295]
Event: 192.174 Thread 0x000001aed2530f10 Exception <a 'java/lang/ClassNotFoundException'{0x00000000a40011c0}: org/springframework/security/config/annotation/web/configuration/WebSecurityConfigurerAdapterCustomizer> (0x00000000a40011c0) 
thrown [./open/src/hotspot/share/classfile/systemDictionary.cpp, line 295]
Event: 192.177 Thread 0x000001aed2530f10 Exception <a 'java/lang/ClassNotFoundException'{0x00000000a40113e0}: com/ALED/config/SecurityConfigCustomizer> (0x00000000a40113e0) 
thrown [./open/src/hotspot/share/classfile/systemDictionary.cpp, line 295]
Event: 192.180 Thread 0x000001aed2530f10 Exception <a 'java/lang/ClassNotFoundException'{0x00000000a401e6f8}: com/ALED/config/SecurityConfig$$EnhancerBySpringCGLIB$$8c399953Customizer> (0x00000000a401e6f8) 
thrown [./open/src/hotspot/share/classfile/systemDictionary.cpp, line 295]
Event: 192.184 Thread 0x000001aed2530f10 Exception <a 'java/lang/ClassNotFoundException'{0x00000000a40388c0}: org/springframework/context/annotation/ConfigurationClassEnhancer$EnhancedConfigurationCustomizer> (0x00000000a40388c0) 
thrown [./open/src/hotspot/share/classfile/systemDictionary.cpp, line 295]
Event: 192.187 Thread 0x000001aed2530f10 Exception <a 'java/lang/ClassNotFoundException'{0x00000000a403fb18}: org/springframework/beans/factory/BeanFactoryAwareCustomizer> (0x00000000a403fb18) 
thrown [./open/src/hotspot/share/classfile/systemDictionary.cpp, line 295]
Event: 192.190 Thread 0x000001aed2530f10 Exception <a 'java/lang/ClassNotFoundException'{0x00000000a4047f58}: org/springframework/beans/factory/AwareCustomizer> (0x00000000a4047f58) 
thrown [./open/src/hotspot/share/classfile/systemDictionary.cpp, line 295]
Event: 192.192 Thread 0x000001aed2530f10 Exception <a 'java/lang/ClassNotFoundException'{0x00000000a404f610}: org/springframework/security/config/annotation/web/WebSecurityConfigurerCustomizer> (0x00000000a404f610) 
thrown [./open/src/hotspot/share/classfile/systemDictionary.cpp, line 295]
Event: 192.194 Thread 0x000001aed2530f10 Exception <a 'java/lang/ClassNotFoundException'{0x00000000a4056de8}: org/springframework/security/config/annotation/SecurityConfigurerCustomizer> (0x00000000a4056de8) 
thrown [./open/src/hotspot/share/classfile/systemDictionary.cpp, line 295]
Event: 192.696 Thread 0x000001aed2530f10 Implicit null exception at 0x000001aec320679a to 0x000001aec3206b24

Events (20 events):
Event: 191.328 Executing VM operation: HandshakeAllThreads done
Event: 191.668 Executing VM operation: ICBufferFull
Event: 191.668 Executing VM operation: ICBufferFull done
Event: 191.785 Executing VM operation: G1CollectForAllocation
Event: 191.790 Executing VM operation: G1CollectForAllocation done
Event: 192.035 Executing VM operation: G1CollectForAllocation
Event: 192.041 Executing VM operation: G1CollectForAllocation done
Event: 192.141 Loaded shared library C:\Users\vinh\.p2\pool\plugins\org.eclipse.justj.openjdk.hotspot.jre.full.win32.x86_64_15.0.2.v20210201-0955\jre\bin\nio.dll
Event: 192.170 loading class java/lang/ObjectCustomizer
Event: 192.170 loading class java/lang/ObjectCustomizer done
Event: 192.171 loading class java/lang/ObjectCustomizer
Event: 192.171 loading class java/lang/ObjectCustomizer done
Event: 192.329 Executing VM operation: G1CollectForAllocation
Event: 192.332 Executing VM operation: G1CollectForAllocation done
Event: 192.677 Thread 0x000001aed2535270 Thread added: 0x000001aed2535270
Event: 192.818 Thread 0x000001aed2533590 Thread added: 0x000001aed2533590
Event: 193.074 Executing VM operation: ICBufferFull
Event: 193.074 Executing VM operation: ICBufferFull done
Event: 193.593 Executing VM operation: ICBufferFull
Event: 193.593 Executing VM operation: ICBufferFull done


Dynamic libraries:
0x00007ff734dd0000 - 0x00007ff734ddd000 	C:\Users\vinh\.p2\pool\plugins\org.eclipse.justj.openjdk.hotspot.jre.full.win32.x86_64_15.0.2.v20210201-0955\jre\bin\javaw.exe
0x00007ffbbf7b0000 - 0x00007ffbbf9a5000 	C:\WINDOWS\SYSTEM32\ntdll.dll
0x00007ffbbf630000 - 0x00007ffbbf6ee000 	C:\WINDOWS\System32\KERNEL32.DLL
0x00007ffbbcf80000 - 0x00007ffbbd249000 	C:\WINDOWS\System32\KERNELBASE.dll
0x00007ffbbd330000 - 0x00007ffbbd430000 	C:\WINDOWS\System32\ucrtbase.dll
0x00007ffbadd00000 - 0x00007ffbadd19000 	C:\Users\vinh\.p2\pool\plugins\org.eclipse.justj.openjdk.hotspot.jre.full.win32.x86_64_15.0.2.v20210201-0955\jre\bin\VCRUNTIME140.dll
0x00007ffbb1770000 - 0x00007ffbb1788000 	C:\Users\vinh\.p2\pool\plugins\org.eclipse.justj.openjdk.hotspot.jre.full.win32.x86_64_15.0.2.v20210201-0955\jre\bin\jli.dll
0x00007ffbbda10000 - 0x00007ffbbdbb1000 	C:\WINDOWS\System32\USER32.dll
0x00007ffbbd7d0000 - 0x00007ffbbd7f2000 	C:\WINDOWS\System32\win32u.dll
0x00007ffbbc2a0000 - 0x00007ffbbc53a000 	C:\WINDOWS\WinSxS\amd64_microsoft.windows.common-controls_6595b64144ccf1df_6.0.19041.1110_none_60b5254171f9507e\COMCTL32.dll
0x00007ffbbeaf0000 - 0x00007ffbbeb1b000 	C:\WINDOWS\System32\GDI32.dll
0x00007ffbbea50000 - 0x00007ffbbeaee000 	C:\WINDOWS\System32\msvcrt.dll
0x00007ffbbd430000 - 0x00007ffbbd53b000 	C:\WINDOWS\System32\gdi32full.dll
0x00007ffbbd730000 - 0x00007ffbbd7cd000 	C:\WINDOWS\System32\msvcp_win.dll
0x00007ffbbeb90000 - 0x00007ffbbebc0000 	C:\WINDOWS\System32\IMM32.DLL
0x00007ffbb7ce0000 - 0x00007ffbb7cec000 	C:\Users\vinh\.p2\pool\plugins\org.eclipse.justj.openjdk.hotspot.jre.full.win32.x86_64_15.0.2.v20210201-0955\jre\bin\vcruntime140_1.dll
0x00007ffb95700000 - 0x00007ffb95791000 	C:\Users\vinh\.p2\pool\plugins\org.eclipse.justj.openjdk.hotspot.jre.full.win32.x86_64_15.0.2.v20210201-0955\jre\bin\msvcp140.dll
0x00007ffb8acf0000 - 0x00007ffb8b84e000 	C:\Users\vinh\.p2\pool\plugins\org.eclipse.justj.openjdk.hotspot.jre.full.win32.x86_64_15.0.2.v20210201-0955\jre\bin\server\jvm.dll
0x00007ffbbf220000 - 0x00007ffbbf2cc000 	C:\WINDOWS\System32\ADVAPI32.dll
0x00007ffbbe920000 - 0x00007ffbbe9bb000 	C:\WINDOWS\System32\sechost.dll
0x00007ffbbdbc0000 - 0x00007ffbbdcea000 	C:\WINDOWS\System32\RPCRT4.dll
0x00007ffbbd800000 - 0x00007ffbbd808000 	C:\WINDOWS\System32\PSAPI.DLL
0x00007ffbbc890000 - 0x00007ffbbc899000 	C:\WINDOWS\SYSTEM32\WSOCK32.dll
0x00007ffbbeb20000 - 0x00007ffbbeb8b000 	C:\WINDOWS\System32\WS2_32.dll
0x00007ffbacf50000 - 0x00007ffbacf77000 	C:\WINDOWS\SYSTEM32\WINMM.dll
0x00007ffbac3f0000 - 0x00007ffbac3fa000 	C:\WINDOWS\SYSTEM32\VERSION.dll
0x00007ffbba000000 - 0x00007ffbba012000 	C:\WINDOWS\SYSTEM32\kernel.appcore.dll
0x00007ffbb7cb0000 - 0x00007ffbb7cba000 	C:\Users\vinh\.p2\pool\plugins\org.eclipse.justj.openjdk.hotspot.jre.full.win32.x86_64_15.0.2.v20210201-0955\jre\bin\jimage.dll
0x00007ffbbc8f0000 - 0x00007ffbbcad4000 	C:\WINDOWS\SYSTEM32\DBGHELP.DLL
0x00007ffbbc6a0000 - 0x00007ffbbc6cc000 	C:\WINDOWS\SYSTEM32\dbgcore.DLL
0x00007ffbbd6a0000 - 0x00007ffbbd723000 	C:\WINDOWS\System32\bcryptPrimitives.dll
0x00007ffbaffd0000 - 0x00007ffbafff5000 	C:\Users\vinh\.p2\pool\plugins\org.eclipse.justj.openjdk.hotspot.jre.full.win32.x86_64_15.0.2.v20210201-0955\jre\bin\java.dll
0x00007ffbafa00000 - 0x00007ffbafa18000 	C:\Users\vinh\.p2\pool\plugins\org.eclipse.justj.openjdk.hotspot.jre.full.win32.x86_64_15.0.2.v20210201-0955\jre\bin\zip.dll
0x00007ffbbdcf0000 - 0x00007ffbbe42f000 	C:\WINDOWS\System32\SHELL32.dll
0x00007ffbba200000 - 0x00007ffbba990000 	C:\WINDOWS\SYSTEM32\windows.storage.dll
0x00007ffbbe430000 - 0x00007ffbbe785000 	C:\WINDOWS\System32\combase.dll
0x00007ffbbc230000 - 0x00007ffbbc25c000 	C:\WINDOWS\SYSTEM32\Wldp.dll
0x00007ffbbf040000 - 0x00007ffbbf0ee000 	C:\WINDOWS\System32\SHCORE.dll
0x00007ffbbd810000 - 0x00007ffbbd865000 	C:\WINDOWS\System32\shlwapi.dll
0x00007ffbbce10000 - 0x00007ffbbce2f000 	C:\WINDOWS\SYSTEM32\profapi.dll
0x00007ffbaf9e0000 - 0x00007ffbaf9f9000 	C:\Users\vinh\.p2\pool\plugins\org.eclipse.justj.openjdk.hotspot.jre.full.win32.x86_64_15.0.2.v20210201-0955\jre\bin\net.dll
0x00007ffbaeda0000 - 0x00007ffbaeea8000 	C:\WINDOWS\SYSTEM32\WINHTTP.dll
0x00007ffbbc100000 - 0x00007ffbbc16a000 	C:\WINDOWS\system32\mswsock.dll
0x00007ffbaf910000 - 0x00007ffbaf922000 	C:\Users\vinh\.p2\pool\plugins\org.eclipse.justj.openjdk.hotspot.jre.full.win32.x86_64_15.0.2.v20210201-0955\jre\bin\nio.dll
0x00007ffbb2000000 - 0x00007ffbb2010000 	C:\Users\vinh\.p2\pool\plugins\org.eclipse.justj.openjdk.hotspot.jre.full.win32.x86_64_15.0.2.v20210201-0955\jre\bin\verify.dll
0x00007ffbb1500000 - 0x00007ffbb1509000 	C:\Users\vinh\.p2\pool\plugins\org.eclipse.justj.openjdk.hotspot.jre.full.win32.x86_64_15.0.2.v20210201-0955\jre\bin\management.dll
0x00007ffbb0dd0000 - 0x00007ffbb0ddb000 	C:\Users\vinh\.p2\pool\plugins\org.eclipse.justj.openjdk.hotspot.jre.full.win32.x86_64_15.0.2.v20210201-0955\jre\bin\management_ext.dll
0x00007ffbab800000 - 0x00007ffbab817000 	C:\WINDOWS\system32\napinsp.dll
0x00007ffbab7e0000 - 0x00007ffbab7fb000 	C:\WINDOWS\system32\pnrpnsp.dll
0x00007ffbab7c0000 - 0x00007ffbab7d5000 	C:\WINDOWS\system32\wshbth.dll
0x00007ffbb7c40000 - 0x00007ffbb7c5d000 	C:\WINDOWS\system32\NLAapi.dll
0x00007ffbbbc80000 - 0x00007ffbbbcbb000 	C:\WINDOWS\SYSTEM32\IPHLPAPI.DLL
0x00007ffbbbcc0000 - 0x00007ffbbbd8c000 	C:\WINDOWS\SYSTEM32\DNSAPI.dll
0x00007ffbbf410000 - 0x00007ffbbf418000 	C:\WINDOWS\System32\NSI.dll
0x00007ffbab500000 - 0x00007ffbab512000 	C:\WINDOWS\System32\winrnr.dll
0x00007ffbaec90000 - 0x00007ffbaec9a000 	C:\Windows\System32\rasadhlp.dll
0x00007ffbaefb0000 - 0x00007ffbaf02f000 	C:\WINDOWS\System32\fwpuclnt.dll
0x00007ffbbd300000 - 0x00007ffbbd327000 	C:\WINDOWS\System32\bcrypt.dll
0x00007ffbbcc50000 - 0x00007ffbbcc68000 	C:\WINDOWS\SYSTEM32\CRYPTSP.dll
0x00007ffbbb930000 - 0x00007ffbbb964000 	C:\WINDOWS\system32\rsaenh.dll
0x00007ffbbcdd0000 - 0x00007ffbbcdfe000 	C:\WINDOWS\SYSTEM32\USERENV.dll
0x00007ffbbc070000 - 0x00007ffbbc07c000 	C:\WINDOWS\SYSTEM32\CRYPTBASE.dll
0x00007ffbaff60000 - 0x00007ffbaff77000 	C:\WINDOWS\SYSTEM32\dhcpcsvc6.DLL
0x00007ffbb0a70000 - 0x00007ffbb0a8d000 	C:\WINDOWS\SYSTEM32\dhcpcsvc.DLL

dbghelp: loaded successfully - version: 4.0.5 - missing functions: none
symbol engine: initialized successfully - sym options: 0x614 - pdb path: .;C:\Users\vinh\.p2\pool\plugins\org.eclipse.justj.openjdk.hotspot.jre.full.win32.x86_64_15.0.2.v20210201-0955\jre\bin;C:\WINDOWS\SYSTEM32;C:\WINDOWS\WinSxS\amd64_microsoft.windows.common-controls_6595b64144ccf1df_6.0.19041.1110_none_60b5254171f9507e;C:\Users\vinh\.p2\pool\plugins\org.eclipse.justj.openjdk.hotspot.jre.full.win32.x86_64_15.0.2.v20210201-0955\jre\bin\server

VM Arguments:
jvm_args: -Dfile.encoding=UTF-8 -XX:+ShowCodeDetailsInExceptionMessages 
java_command: com.ALED.ALEDApplication
java_class_path (initial): C:\Users\vinh\Desktop\du an tt nghip\ALED\target\classes;C:\Users\vinh\.m2\repository\org\springframework\boot\spring-boot-starter-data-jpa\2.5.4\spring-boot-starter-data-jpa-2.5.4.jar;C:\Users\vinh\.m2\repository\org\springframework\boot\spring-boot-starter-aop\2.5.4\spring-boot-starter-aop-2.5.4.jar;C:\Users\vinh\.m2\repository\org\aspectj\aspectjweaver\1.9.7\aspectjweaver-1.9.7.jar;C:\Users\vinh\.m2\repository\org\springframework\boot\spring-boot-starter-jdbc\2.5.4\spring-boot-starter-jdbc-2.5.4.jar;C:\Users\vinh\.m2\repository\com\zaxxer\HikariCP\4.0.3\HikariCP-4.0.3.jar;C:\Users\vinh\.m2\repository\org\springframework\spring-jdbc\5.3.9\spring-jdbc-5.3.9.jar;C:\Users\vinh\.m2\repository\jakarta\transaction\jakarta.transaction-api\1.3.3\jakarta.transaction-api-1.3.3.jar;C:\Users\vinh\.m2\repository\jakarta\persistence\jakarta.persistence-api\2.2.3\jakarta.persistence-api-2.2.3.jar;C:\Users\vinh\.m2\repository\org\hibernate\hibernate-core\5.4.32.Final\hibernate-core-5.4.32.Final.jar;C:\Users\vinh\.m2\repository\org\jboss\logging\jboss-logging\3.4.2.Final\jboss-logging-3.4.2.Final.jar;C:\Users\vinh\.m2\repository\org\javassist\javassist\3.27.0-GA\javassist-3.27.0-GA.jar;C:\Users\vinh\.m2\repository\net\bytebuddy\byte-buddy\1.10.22\byte-buddy-1.10.22.jar;C:\Users\vinh\.m2\repository\antlr\antlr\2.7.7\antlr-2.7.7.jar;C:\Users\vinh\.m2\repository\org\jboss\jandex\2.2.3.Final\jandex-2.2.3.Final.jar;C:\Users\vinh\.m2\repository\com\fasterxml\classmate\1.5.1\classmate-1.5.1.jar;C:\Users\vinh\.m2\repository\org\dom4j\dom4j\2.1.3\dom4j-2.1.3.jar;C:\Users\vinh\.m2\repository\org\hibernate\common\hibernate-commons-annotations\5.1.2.Final\hibernate-commons-annotations-5.1.2.Final.jar;C:\Users\vinh\.m2\repository\org\glassfish\jaxb\jaxb-runtime\2.3.5\jaxb-runtime-2.3.5.jar;C:\Users\vinh\.m2\repository\org\glassfish\jaxb\txw2\2.3.5\txw2-2.3.5.jar;C:\Users\vinh\.m2\repository\com\sun\istack\istack-commons-runtime\3.0.12\istack-commons-runtime-3.0.1
Launcher Type: SUN_STANDARD

[Global flags]
     intx CICompilerCount                          = 3                                         {product} {ergonomic}
     uint ConcGCThreads                            = 1                                         {product} {ergonomic}
     uint G1ConcRefinementThreads                  = 4                                         {product} {ergonomic}
   size_t G1HeapRegionSize                         = 1048576                                   {product} {ergonomic}
    uintx GCDrainStackTargetSize                   = 64                                        {product} {ergonomic}
   size_t InitialHeapSize                          = 100663296                                 {product} {ergonomic}
   size_t MarkStackSize                            = 4194304                                   {product} {ergonomic}
   size_t MaxHeapSize                              = 1591738368                                {product} {ergonomic}
   size_t MaxNewSize                               = 954204160                                 {product} {ergonomic}
   size_t MinHeapDeltaBytes                        = 1048576                                   {product} {ergonomic}
   size_t MinHeapSize                              = 8388608                                   {product} {ergonomic}
    uintx NonNMethodCodeHeapSize                   = 5832780                                {pd product} {ergonomic}
    uintx NonProfiledCodeHeapSize                  = 122912730                              {pd product} {ergonomic}
    uintx ProfiledCodeHeapSize                     = 122912730                              {pd product} {ergonomic}
    uintx ReservedCodeCacheSize                    = 251658240                              {pd product} {ergonomic}
     bool SegmentedCodeCache                       = true                                      {product} {ergonomic}
     bool ShowCodeDetailsInExceptionMessages       = true                                   {manageable} {command line}
   size_t SoftMaxHeapSize                          = 1591738368                             {manageable} {ergonomic}
     bool UseCompressedClassPointers               = true                                 {lp64_product} {ergonomic}
     bool UseCompressedOops                        = true                                 {lp64_product} {ergonomic}
     bool UseG1GC                                  = true                                      {product} {ergonomic}
     bool UseLargePagesIndividualAllocation        = false                                  {pd product} {ergonomic}

Logging:
Log output configuration:
 #0: stdout all=warning uptime,level,tags
 #1: stderr all=off uptime,level,tags

Environment Variables:
PATH=C:/Users/vinh/.p2/pool/plugins/org.eclipse.justj.openjdk.hotspot.jre.full.win32.x86_64_15.0.2.v20210201-0955/jre/bin/server;C:/Users/vinh/.p2/pool/plugins/org.eclipse.justj.openjdk.hotspot.jre.full.win32.x86_64_15.0.2.v20210201-0955/jre/bin;C:\Program Files\Common Files\Oracle\Java\javapath;C:\WINDOWS\system32;C:\WINDOWS;C:\WINDOWS\System32\Wbem;C:\WINDOWS\System32\WindowsPowerShell\v1.0\;C:\WINDOWS\System32\OpenSSH\;C:\Program Files\nodejs\;C:\Program Files\Git\cmd;C:\Program Files (x86)\Bitvise SSH Client;C:\Program Files\MongoDB\Server\5.0\bin;C:\Users\vinh\AppData\Local\Microsoft\WindowsApps;C:\Users\vinh\AppData\Local\Programs\Microsoft VS Code\bin;C:\Users\vinh\AppData\Roaming\npm;C:\Users\vinh\Desktop;
USERNAME=vinh
OS=Windows_NT
PROCESSOR_IDENTIFIER=Intel64 Family 6 Model 37 Stepping 5, GenuineIntel



---------------  S Y S T E M  ---------------

OS:
 Windows 10 , 64 bit Build 19041 (10.0.19041.1202)
OS uptime: 3 days 14:42 hours

CPU: total 4 (initial active 4) (2 cores per cpu, 2 threads per core) family 6 model 37 stepping 5 microcode 0x7, cmov, cx8, fxsr, mmx, sse, sse2, sse3, ssse3, sse4.1, sse4.2, popcnt, aes, clmul, ht, tsc, tscinvbit, clflush

Memory: 4k page, system-wide physical 6069M (607M free)
TotalPageFile size 14057M (AvailPageFile size 3030M)
current process WorkingSet (physical memory assigned to process): 287M, peak: 288M
current process commit charge ("private bytes"): 314M, peak: 315M

vm_info: OpenJDK 64-Bit Server VM (15.0.2+7-27) for windows-amd64 JRE (15.0.2+7-27), built on Dec  7 2020 20:02:38 by "mach5one" with unknown MS VC++:1925

END.
